subscribed to april meetup topic
dropping db: meetup2
creating db: meetup2
creating graph: MeetupGraph
creating vertex_coll: Member
creating vertex_coll: Group
creating vertex_coll: Topic
creating vertex_coll: Event
creating vertex_coll: Venue
creating edge_definition: MEMBER_OF
creating edge_definition: HOSTED_EVENT
creating edge_definition: DEALS_WITH
creating edge_definition: WILL_PARTECIPATE
creating edge_definition: HOSTED_AT
creating edge_definition: WILL_PARTECIPATE
vertex colls:  ['Event', 'Group', 'Member', 'Topic', 'Venue']
Traceback (most recent call last):
  File "./python-arango_from_kafka.py", line 330, in <module>
    batch_db.collection('DEALS_WITH').insert({'_from': g_id,'_to': t_id, 'name':"DEALS_WITH"})
  File "/root/.local/lib/python3.6/site-packages/arango/collection.py", line 1554, in insert
    write=self.name
  File "/root/.local/lib/python3.6/site-packages/arango/request.py", line 89, in __init__
    self.data = json.dumps(data)
  File "/usr/lib64/python3.6/json/__init__.py", line 231, in dumps
    return _default_encoder.encode(obj)
  File "/usr/lib64/python3.6/json/encoder.py", line 199, in encode
    chunks = self.iterencode(o, _one_shot=True)
  File "/usr/lib64/python3.6/json/encoder.py", line 257, in iterencode
    return _iterencode(o, 0)
KeyboardInterrupt
